<?xml version="1.0" encoding="UTF-8"?>
<!-- Generated by org.testng.reporters.JUnitXMLReporter -->
<testsuite hostname="HAAR0538" name="Default test" tests="1" failures="1" timestamp="7 Sep 2021 20:07:22 GMT" time="33.759" errors="0">
  <testcase name="runScenario" time="27.725" classname="testrunner.TestRunner">
    <failure type="junit.framework.AssertionFailedError">
      <![CDATA[junit.framework.AssertionFailedError
	at junit.framework.Assert.fail(Assert.java:55)
	at junit.framework.Assert.assertTrue(Assert.java:22)
	at junit.framework.Assert.assertFalse(Assert.java:39)
	at junit.framework.Assert.assertFalse(Assert.java:47)
	at stepdefinition.CAcceptpayment.val_accept_pay(CAcceptpayment.java:40)
	at ✽.Validate Accept Payment page(file:///D:/PRODHATF/features/CheckinAsyst/Appointments/AcceptPayment.feature:8)
]]>
    </failure>
  </testcase> <!-- runScenario -->
</testsuite> <!-- Default test -->
