<?xml version="1.0" encoding="UTF-8"?>
<testng-results skipped="0" failed="2" total="2" passed="0">
  <reporter-output>
  </reporter-output>
  <suite name="Suite1" duration-ms="37181" started-at="2021-09-07T20:08:15Z" finished-at="2021-09-07T20:08:53Z">
    <groups>
      <group name="cucumber">
        <method signature="AbstractTestNGCucumberTests.runScenario(io.cucumber.testng.PickleWrapper, io.cucumber.testng.FeatureWrapper)[pri:0, instance:testrunner.TestRunner@dd9eb7]" name="runScenario" class="io.cucumber.testng.AbstractTestNGCucumberTests"/>
        <method signature="AbstractTestNGCucumberTests.runScenario(io.cucumber.testng.PickleWrapper, io.cucumber.testng.FeatureWrapper)[pri:0, instance:testrunner.TestRunnerParallel@14425a7]" name="runScenario" class="io.cucumber.testng.AbstractTestNGCucumberTests"/>
      </group> <!-- cucumber -->
    </groups>
    <test name="Regression2" duration-ms="18878" started-at="2021-09-07T20:08:15Z" finished-at="2021-09-07T20:08:34Z">
      <class name="testrunner.TestRunnerParallel">
        <test-method status="PASS" signature="setUpClass()[pri:0, instance:testrunner.TestRunnerParallel@14425a7]" name="setUpClass" is-config="true" duration-ms="320" started-at="2021-09-07T13:08:15Z" finished-at="2021-09-07T13:08:16Z">
          <reporter-output>
          </reporter-output>
        </test-method> <!-- setUpClass -->
        <test-method status="PASS" signature="driverSetup()[pri:0, instance:testrunner.TestRunnerParallel@14425a7]" name="driverSetup" is-config="true" duration-ms="5082" started-at="2021-09-07T13:08:16Z" finished-at="2021-09-07T13:08:21Z">
          <reporter-output>
          </reporter-output>
        </test-method> <!-- driverSetup -->
        <test-method status="FAIL" signature="runScenario(io.cucumber.testng.PickleWrapper, io.cucumber.testng.FeatureWrapper)[pri:0, instance:testrunner.TestRunnerParallel@14425a7]" name="runScenario" duration-ms="11052" started-at="2021-09-07T13:08:21Z" description="Runs Cucumber Scenarios" data-provider="scenarios" finished-at="2021-09-07T13:08:32Z">
          <params>
            <param index="0">
              <value>
                <![CDATA["Validate Accepts Payment"]]>
              </value>
            </param>
            <param index="1">
              <value>
                <![CDATA["Validate Payment Collection"]]>
              </value>
            </param>
          </params>
          <exception class="org.openqa.selenium.StaleElementReferenceException">
            <message>
              <![CDATA[stale element reference: element is not attached to the page document
  (Session info: chrome=92.0.4515.159)
  (Driver info: chromedriver=92.0.4515.43 (8c61b7e2989f2990d42f859cac71319137787cce-refs/branch-heads/4515@{#306}),platform=Windows NT 10.0.17763 x86_64) (WARNING: The server did not provide any stacktrace information)
Command duration or timeout: 2.25 seconds
For documentation on this error, please visit: http://seleniumhq.org/exceptions/stale_element_reference.html
Build info: version: '3.2.0', revision: '8c03df6', time: '2017-03-02 09:34:51 -0800'
System info: host: 'HAAR0538', ip: '172.20.30.5', os.name: 'Windows 10', os.arch: 'x86', os.version: '10.0', java.version: '1.8.0_291'
Driver info: org.openqa.selenium.chrome.ChromeDriver
Capabilities [{mobileEmulationEnabled=false, timeouts={implicit=0, pageLoad=300000, script=30000}, hasTouchScreen=false, platform=XP, acceptSslCerts=false, goog:chromeOptions={debuggerAddress=localhost:60881}, webauthn:extension:credBlob=true, acceptInsecureCerts=false, webStorageEnabled=true, browserName=chrome, takesScreenshot=true, javascriptEnabled=true, setWindowRect=true, webauthn:extension:largeBlob=true, unexpectedAlertBehaviour=ignore, applicationCacheEnabled=false, rotatable=false, networkConnectionEnabled=false, chrome={chromedriverVersion=92.0.4515.43 (8c61b7e2989f2990d42f859cac71319137787cce-refs/branch-heads/4515@{#306}), userDataDir=C:\Users\ravib\AppData\Local\Temp\scoped_dir20296_1310807904}, takesHeapSnapshot=true, pageLoadStrategy=normal, strictFileInteractability=false, databaseEnabled=false, handlesAlerts=true, version=92.0.4515.159, browserConnectionEnabled=false, proxy={}, nativeEvents=true, locationContextEnabled=true, cssSelectorsEnabled=true, webauthn:virtualAuthenticators=true}]
Session ID: 9c780e4a5dbe3e5ca35f3de49c4df7c5]]>
            </message>
            <full-stacktrace>
              <![CDATA[org.openqa.selenium.StaleElementReferenceException: stale element reference: element is not attached to the page document
  (Session info: chrome=92.0.4515.159)
  (Driver info: chromedriver=92.0.4515.43 (8c61b7e2989f2990d42f859cac71319137787cce-refs/branch-heads/4515@{#306}),platform=Windows NT 10.0.17763 x86_64) (WARNING: The server did not provide any stacktrace information)
Command duration or timeout: 2.25 seconds
For documentation on this error, please visit: http://seleniumhq.org/exceptions/stale_element_reference.html
Build info: version: '3.2.0', revision: '8c03df6', time: '2017-03-02 09:34:51 -0800'
System info: host: 'HAAR0538', ip: '172.20.30.5', os.name: 'Windows 10', os.arch: 'x86', os.version: '10.0', java.version: '1.8.0_291'
Driver info: org.openqa.selenium.chrome.ChromeDriver
Capabilities [{mobileEmulationEnabled=false, timeouts={implicit=0, pageLoad=300000, script=30000}, hasTouchScreen=false, platform=XP, acceptSslCerts=false, goog:chromeOptions={debuggerAddress=localhost:60881}, webauthn:extension:credBlob=true, acceptInsecureCerts=false, webStorageEnabled=true, browserName=chrome, takesScreenshot=true, javascriptEnabled=true, setWindowRect=true, webauthn:extension:largeBlob=true, unexpectedAlertBehaviour=ignore, applicationCacheEnabled=false, rotatable=false, networkConnectionEnabled=false, chrome={chromedriverVersion=92.0.4515.43 (8c61b7e2989f2990d42f859cac71319137787cce-refs/branch-heads/4515@{#306}), userDataDir=C:\Users\ravib\AppData\Local\Temp\scoped_dir20296_1310807904}, takesHeapSnapshot=true, pageLoadStrategy=normal, strictFileInteractability=false, databaseEnabled=false, handlesAlerts=true, version=92.0.4515.159, browserConnectionEnabled=false, proxy={}, nativeEvents=true, locationContextEnabled=true, cssSelectorsEnabled=true, webauthn:virtualAuthenticators=true}]
Session ID: 9c780e4a5dbe3e5ca35f3de49c4df7c5
	at sun.reflect.NativeConstructorAccessorImpl.newInstance0(Native Method)
	at sun.reflect.NativeConstructorAccessorImpl.newInstance(NativeConstructorAccessorImpl.java:62)
	at sun.reflect.DelegatingConstructorAccessorImpl.newInstance(DelegatingConstructorAccessorImpl.java:45)
	at java.lang.reflect.Constructor.newInstance(Constructor.java:423)
	at org.openqa.selenium.remote.ErrorHandler.createThrowable(ErrorHandler.java:216)
	at org.openqa.selenium.remote.ErrorHandler.throwIfResponseFailed(ErrorHandler.java:168)
	at org.openqa.selenium.remote.RemoteWebDriver.execute(RemoteWebDriver.java:638)
	at org.openqa.selenium.remote.RemoteWebElement.execute(RemoteWebElement.java:274)
	at org.openqa.selenium.remote.RemoteWebElement.click(RemoteWebElement.java:84)
	at POM.CAcceptpaymentPOM.clickLogin(CAcceptpaymentPOM.java:25)
	at stepdefinition.CAcceptpayment.login(CAcceptpayment.java:30)
	at ✽.User login with ReceptionHA101@healthasyst.com and Rece@0000(file:///D:/PRODHATF/features/CheckinAsyst/Payments/PaymentCollection.feature:7)
]]>
            </full-stacktrace>
          </exception> <!-- org.openqa.selenium.StaleElementReferenceException -->
          <reporter-output>
          </reporter-output>
        </test-method> <!-- runScenario -->
        <test-method status="PASS" signature="driverQuit()[pri:0, instance:testrunner.TestRunnerParallel@14425a7]" name="driverQuit" is-config="true" duration-ms="2256" started-at="2021-09-07T13:08:32Z" finished-at="2021-09-07T13:08:34Z">
          <reporter-output>
          </reporter-output>
        </test-method> <!-- driverQuit -->
        <test-method status="PASS" signature="tearDownClass()[pri:0, instance:testrunner.TestRunnerParallel@14425a7]" name="tearDownClass" is-config="true" duration-ms="161" started-at="2021-09-07T13:08:34Z" finished-at="2021-09-07T13:08:34Z">
          <reporter-output>
          </reporter-output>
        </test-method> <!-- tearDownClass -->
      </class> <!-- testrunner.TestRunnerParallel -->
    </test> <!-- Regression2 -->
    <test name="Regression1" duration-ms="37181" started-at="2021-09-07T20:08:15Z" finished-at="2021-09-07T20:08:53Z">
      <class name="testrunner.TestRunner">
        <test-method status="PASS" signature="setUpClass()[pri:0, instance:testrunner.TestRunner@dd9eb7]" name="setUpClass" is-config="true" duration-ms="320" started-at="2021-09-07T13:08:15Z" finished-at="2021-09-07T13:08:16Z">
          <reporter-output>
          </reporter-output>
        </test-method> <!-- setUpClass -->
        <test-method status="PASS" signature="driverSetup()[pri:0, instance:testrunner.TestRunner@dd9eb7]" name="driverSetup" is-config="true" duration-ms="4833" started-at="2021-09-07T13:08:16Z" finished-at="2021-09-07T13:08:21Z">
          <reporter-output>
          </reporter-output>
        </test-method> <!-- driverSetup -->
        <test-method status="FAIL" signature="runScenario(io.cucumber.testng.PickleWrapper, io.cucumber.testng.FeatureWrapper)[pri:0, instance:testrunner.TestRunner@dd9eb7]" name="runScenario" duration-ms="29849" started-at="2021-09-07T13:08:21Z" description="Runs Cucumber Scenarios" data-provider="scenarios" finished-at="2021-09-07T13:08:50Z">
          <params>
            <param index="0">
              <value>
                <![CDATA["Accept Payment"]]>
              </value>
            </param>
            <param index="1">
              <value>
                <![CDATA["Validate Accept Payment"]]>
              </value>
            </param>
          </params>
          <exception class="junit.framework.AssertionFailedError">
            <full-stacktrace>
              <![CDATA[junit.framework.AssertionFailedError
	at junit.framework.Assert.fail(Assert.java:55)
	at junit.framework.Assert.assertTrue(Assert.java:22)
	at junit.framework.Assert.assertFalse(Assert.java:39)
	at junit.framework.Assert.assertFalse(Assert.java:47)
	at stepdefinition.CAcceptpayment.val_accept_pay(CAcceptpayment.java:40)
	at ✽.Validate Accept Payment page(file:///D:/PRODHATF/features/CheckinAsyst/Appointments/AcceptPayment.feature:8)
]]>
            </full-stacktrace>
          </exception> <!-- junit.framework.AssertionFailedError -->
          <reporter-output>
          </reporter-output>
        </test-method> <!-- runScenario -->
        <test-method status="PASS" signature="driverQuit()[pri:0, instance:testrunner.TestRunner@dd9eb7]" name="driverQuit" is-config="true" duration-ms="2065" started-at="2021-09-07T13:08:50Z" finished-at="2021-09-07T13:08:53Z">
          <reporter-output>
          </reporter-output>
        </test-method> <!-- driverQuit -->
        <test-method status="PASS" signature="tearDownClass()[pri:0, instance:testrunner.TestRunner@dd9eb7]" name="tearDownClass" is-config="true" duration-ms="102" started-at="2021-09-07T13:08:53Z" finished-at="2021-09-07T13:08:53Z">
          <reporter-output>
          </reporter-output>
        </test-method> <!-- tearDownClass -->
      </class> <!-- testrunner.TestRunner -->
    </test> <!-- Regression1 -->
  </suite> <!-- Suite1 -->
</testng-results>
